<?xml version="1.0" encoding="UTF-8"?>
<!-- Generated by org.testng.reporters.JUnitReportReporter -->
<testsuite skipped="0" hostname="VDUDDUKU-L470" name="docker.DockerWithChrome3" tests="1" failures="0" timestamp="2020-08-20T11:05:15 IST" time="48.614" errors="0">
  <testcase name="test3" time="48.614" classname="docker.DockerWithChrome3"/>
  <system-out/>
</testsuite> <!-- docker.DockerWithChrome3 -->
