<?xml version="1.0" encoding="UTF-8"?>
<!-- Generated by org.testng.reporters.JUnitReportReporter -->
<testsuite skipped="0" hostname="VDUDDUKU-L470" name="docker.DockerWithChrome2" tests="1" failures="0" timestamp="2020-08-20T11:05:15 IST" time="46.552" errors="0">
  <testcase name="test2" time="46.552" classname="docker.DockerWithChrome2"/>
  <system-out/>
</testsuite> <!-- docker.DockerWithChrome2 -->
