<?xml version="1.0" encoding="UTF-8"?>
<!-- Generated by org.testng.reporters.JUnitReportReporter -->
<testsuite skipped="0" hostname="VDUDDUKU-L470" name="docker.DockerWithFirefox4" tests="1" failures="0" timestamp="2020-08-20T11:44:15 IST" time="13.657" errors="0">
  <testcase name="test4" time="13.657" classname="docker.DockerWithFirefox4"/>
  <system-out/>
</testsuite> <!-- docker.DockerWithFirefox4 -->
