<?xml version="1.0" encoding="UTF-8"?>
<!-- Generated by org.testng.reporters.JUnitReportReporter -->
<testsuite skipped="0" hostname="VDUDDUKU-L470" name="docker.DockerWithChrome" tests="1" failures="0" timestamp="2020-08-20T12:28:50 IST" time="5.986" errors="0">
  <testcase name="test1" time="5.986" classname="docker.DockerWithChrome"/>
  <system-out/>
</testsuite> <!-- docker.DockerWithChrome -->
