<?xml version="1.0" encoding="UTF-8"?>
<!-- Generated by org.testng.reporters.JUnitReportReporter -->
<testsuite skipped="0" hostname="VDUDDUKU-L470" name="docker.DockerWithFirefox4" tests="1" failures="0" timestamp="2020-08-20T12:28:50 IST" time="15.252" errors="0">
  <testcase name="test4" time="15.252" classname="docker.DockerWithFirefox4"/>
  <system-out/>
</testsuite> <!-- docker.DockerWithFirefox4 -->
